OpenJDK 64-Bit Server VM warning: Using the DefNew young collector with the CMS collector is deprecated and will likely be removed in a future release
OpenJDK 64-Bit Server VM warning: UseCMSCompactAtFullCollection is deprecated and will likely be removed in a future release.
The Name Server boot success. serializeType=JSON
OpenJDK 64-Bit Server VM warning: INFO: os::commit_memory(0x00000005c0000000, 8589934592, 0) failed; error='Cannot allocate memory' (errno=12)
#
# There is insufficient memory for the Java Runtime Environment to continue.
# Native memory allocation (mmap) failed to map 8589934592 bytes for committing reserved memory.
# An error report file with more information is saved as:
# /root/4.2.0-incubating/namesrv/hs_err_pid24126.log
OpenJDK 64-Bit Server VM warning: Using the DefNew young collector with the CMS collector is deprecated and will likely be removed in a future release
OpenJDK 64-Bit Server VM warning: UseCMSCompactAtFullCollection is deprecated and will likely be removed in a future release.
The Name Server boot success. serializeType=JSON
OpenJDK 64-Bit Server VM warning: Using the DefNew young collector with the CMS collector is deprecated and will likely be removed in a future release
OpenJDK 64-Bit Server VM warning: UseCMSCompactAtFullCollection is deprecated and will likely be removed in a future release.
The Name Server boot success. serializeType=JSON
java.io.FileNotFoundException: /root/4.2.0-incubating/broker/conf/2m-noslave/brker-a.properties (No such file or directory)
	at java.io.FileInputStream.open0(Native Method)
	at java.io.FileInputStream.open(FileInputStream.java:195)
	at java.io.FileInputStream.<init>(FileInputStream.java:138)
	at java.io.FileInputStream.<init>(FileInputStream.java:93)
	at org.apache.rocketmq.broker.BrokerStartup.createBrokerController(BrokerStartup.java:119)
	at org.apache.rocketmq.broker.BrokerStartup.main(BrokerStartup.java:56)
java.io.FileNotFoundException: /root/4.2.0-incubating/broker/conf/2m-noslave/brker-a.properties (No such file or directory)
	at java.io.FileInputStream.open0(Native Method)
	at java.io.FileInputStream.open(FileInputStream.java:195)
	at java.io.FileInputStream.<init>(FileInputStream.java:138)
	at java.io.FileInputStream.<init>(FileInputStream.java:93)
	at org.apache.rocketmq.broker.BrokerStartup.createBrokerController(BrokerStartup.java:119)
	at org.apache.rocketmq.broker.BrokerStartup.main(BrokerStartup.java:56)
java.io.FileNotFoundException: /root/4.2.0-incubating/broker/conf/2m-noslave/brker-a.properties (No such file or directory)
	at java.io.FileInputStream.open0(Native Method)
	at java.io.FileInputStream.open(FileInputStream.java:195)
	at java.io.FileInputStream.<init>(FileInputStream.java:138)
	at java.io.FileInputStream.<init>(FileInputStream.java:93)
	at org.apache.rocketmq.broker.BrokerStartup.createBrokerController(BrokerStartup.java:119)
	at org.apache.rocketmq.broker.BrokerStartup.main(BrokerStartup.java:56)
